0 info it worked if it ends with ok
1 verbose cli [ 'C:\\Program Files\\nodejs\\node.exe',
1 verbose cli   'C:\\Program Files\\nodejs\\node_modules\\npm\\bin\\npm-cli.js',
1 verbose cli   'run',
1 verbose cli   'tsc' ]
2 info using npm@3.3.12
3 info using node@v5.3.0
4 verbose run-script [ 'pretsc', 'tsc', 'posttsc' ]
5 info lifecycle CarApp@1.0.0~pretsc: CarApp@1.0.0
6 silly lifecycle CarApp@1.0.0~pretsc: no script for pretsc, continuing
7 info lifecycle CarApp@1.0.0~tsc: CarApp@1.0.0
8 verbose lifecycle CarApp@1.0.0~tsc: unsafe-perm in lifecycle true
9 verbose lifecycle CarApp@1.0.0~tsc: PATH: C:\Program Files\nodejs\node_modules\npm\bin\node-gyp-bin;C:\dev\mycarbio.web\node_modules\.bin;C:\Users\tiberiu\bin;C:\Program Files\Git\mingw64\bin;C:\Program Files\Git\usr\local\bin;C:\Program Files\Git\usr\bin;C:\Program Files\Git\usr\bin;C:\Program Files\Git\cmd;C:\Program Files\ConEmu\ConEmu\Scripts;C:\Program Files\ConEmu;C:\Program Files\ConEmu\ConEmu;C:\WINDOWS\system32;C:\WINDOWS;C:\WINDOWS\System32\Wbem;C:\WINDOWS\System32\WindowsPowerShell\v1.0;C:\Program Files (x86)\Skype\Phone;C:\Program Files\Git\cmd;C:\Program Files\Git\mingw64\bin;C:\Program Files\Git\usr\bin;C:\Program Files\nodejs;C:\Program Files (x86)\Heroku\bin;C:\Program Files (x86)\git\cmd;C:\Program Files (x86)\Git\cmd;C:\Users\tiberiu\AppData\Local\Microsoft\WindowsApps;C:\Program Files\Microsoft SQL Server\130\Tools\Binn;C:\Program Files\dotnet;C:\Users\tiberiu\AppData\Roaming\npm;C:\Users\tiberiu\AppData\Local\Microsoft\WindowsApps;C:\Program Files (x86)\Microsoft VS Code\bin;C:\Program Files\Git\usr\bin\vendor_perl;C:\Program Files\Git\usr\bin\core_perl
10 verbose lifecycle CarApp@1.0.0~tsc: CWD: C:\dev\mycarbio.web
11 silly lifecycle CarApp@1.0.0~tsc: Args: [ '/d /s /c', 'tsc' ]
12 silly lifecycle CarApp@1.0.0~tsc: Returned: code: 2  signal: null
13 info lifecycle CarApp@1.0.0~tsc: Failed to exec tsc script
14 verbose stack Error: CarApp@1.0.0 tsc: `tsc`
14 verbose stack Exit status 2
14 verbose stack     at EventEmitter.<anonymous> (C:\Program Files\nodejs\node_modules\npm\lib\utils\lifecycle.js:232:16)
14 verbose stack     at emitTwo (events.js:87:13)
14 verbose stack     at EventEmitter.emit (events.js:172:7)
14 verbose stack     at ChildProcess.<anonymous> (C:\Program Files\nodejs\node_modules\npm\lib\utils\spawn.js:24:14)
14 verbose stack     at emitTwo (events.js:87:13)
14 verbose stack     at ChildProcess.emit (events.js:172:7)
14 verbose stack     at maybeClose (internal/child_process.js:818:16)
14 verbose stack     at Process.ChildProcess._handle.onexit (internal/child_process.js:211:5)
15 verbose pkgid CarApp@1.0.0
16 verbose cwd C:\dev\mycarbio.web
17 error Windows_NT 10.0.14931
18 error argv "C:\\Program Files\\nodejs\\node.exe" "C:\\Program Files\\nodejs\\node_modules\\npm\\bin\\npm-cli.js" "run" "tsc"
19 error node v5.3.0
20 error npm  v3.3.12
21 error code ELIFECYCLE
22 error CarApp@1.0.0 tsc: `tsc`
22 error Exit status 2
23 error Failed at the CarApp@1.0.0 tsc script 'tsc'.
23 error Make sure you have the latest version of node.js and npm installed.
23 error If you do, this is most likely a problem with the CarApp package,
23 error not with npm itself.
23 error Tell the author that this fails on your system:
23 error     tsc
23 error You can get their info via:
23 error     npm owner ls CarApp
23 error There is likely additional logging output above.
24 verbose exit [ 1, true ]
